# JRE version: Java(TM) SE Runtime Environment (8.0_144-b01) (build 1.8.0_144-b01)
# Java VM: Java HotSpot(TM) Client VM (25.144-b01 mixed mode windows-x86 )
Heap:
 def new generation   total 103168K, used 74436K [0x05600000, 0x0c5f0000, 0x100a0000)
  eden space 91712K,  80% used [0x05600000, 0x09dce388, 0x0af90000)
  from space 11456K,   7% used [0x0bac0000, 0x0bba2d80, 0x0c5f0000)
  to   space 11456K,   0% used [0x0af90000, 0x0af90000, 0x0bac0000)
 tenured generation   total 229168K, used 137499K [0x100a0000, 0x1e06c000, 0x25600000)
   the space 229168K,  59% used [0x100a0000, 0x186e6cd8, 0x186e6e00, 0x1e06c000)
 Metaspace       used 19809K, capacity 20419K, committed 20608K, reserved 20864K
GC Heap History (10 events):
Event: 78693.344 GC heap before
{Heap before GC invocations=1829 (full 5):
 def new generation   total 77376K, used 77376K [0x05600000, 0x0a9f0000, 0x100a0000)
  eden space 68800K, 100% used [0x05600000, 0x09930000, 0x09930000)
  from space 8576K, 100% used [0x0a190000, 0x0a9f0000, 0x0a9f0000)
  to   space 8576K,   0% used [0x09930000, 0x09930000, 0x0a190000)
 tenured generation   total 171748K, used 158796K [0x100a0000, 0x1a859000, 0x25600000)
   the space 171748K,  92% used [0x100a0000, 0x19bb3388, 0x19bb3400, 0x1a859000)
 Metaspace       used 19810K, capacity 20422K, committed 20608K, reserved 20864K
Event: 78693.351 GC heap after
Heap after GC invocations=1830 (full 5):
 def new generation   total 77376K, used 1287K [0x05600000, 0x0a9f0000, 0x100a0000)
  eden space 68800K,   0% used [0x05600000, 0x05600000, 0x09930000)
  from space 8576K,  15% used [0x09930000, 0x09a71ef0, 0x0a190000)
  to   space 8576K,   0% used [0x0a190000, 0x0a190000, 0x0a9f0000)
 tenured generation   total 171748K, used 167371K [0x100a0000, 0x1a859000, 0x25600000)
   the space 171748K,  97% used [0x100a0000, 0x1a412e78, 0x1a413000, 0x1a859000)
 Metaspace       used 19810K, capacity 20422K, committed 20608K, reserved 20864K
}
Event: 79080.988 GC heap before
{Heap before GC invocations=1830 (full 5):
 def new generation   total 77376K, used 70087K [0x05600000, 0x0a9f0000, 0x100a0000)
  eden space 68800K, 100% used [0x05600000, 0x09930000, 0x09930000)
  from space 8576K,  15% used [0x09930000, 0x09a71ef0, 0x0a190000)
  to   space 8576K,   0% used [0x0a190000, 0x0a190000, 0x0a9f0000)
 tenured generation   total 171748K, used 167371K [0x100a0000, 0x1a859000, 0x25600000)
   the space 171748K,  97% used [0x100a0000, 0x1a412e78, 0x1a413000, 0x1a859000)
 Metaspace       used 19810K, capacity 20422K, committed 20608K, reserved 20864K
Event: 79081.106 GC heap after
Heap after GC invocations=1831 (full 6):
 def new generation   total 103168K, used 0K [0x05600000, 0x0c5f0000, 0x100a0000)
  eden space 91712K,   0% used [0x05600000, 0x05600000, 0x0af90000)
  from space 11456K,   0% used [0x0af90000, 0x0af90000, 0x0bac0000)
  to   space 11456K,   0% used [0x0bac0000, 0x0bac0000, 0x0c5f0000)
 tenured generation   total 229168K, used 137499K [0x100a0000, 0x1e06c000, 0x25600000)
   the space 229168K,  59% used [0x100a0000, 0x186e6cd8, 0x186e6e00, 0x1e06c000)
 Metaspace       used 19804K, capacity 20414K, committed 20608K, reserved 20864K
}
Event: 79443.491 GC heap before
{Heap before GC invocations=1831 (full 6):
 def new generation   total 103168K, used 91712K [0x05600000, 0x0c5f0000, 0x100a0000)
  eden space 91712K, 100% used [0x05600000, 0x0af90000, 0x0af90000)
  from space 11456K,   0% used [0x0af90000, 0x0af90000, 0x0bac0000)
  to   space 11456K,   0% used [0x0bac0000, 0x0bac0000, 0x0c5f0000)
 tenured generation   total 229168K, used 137499K [0x100a0000, 0x1e06c000, 0x25600000)
   the space 229168K,  59% used [0x100a0000, 0x186e6cd8, 0x186e6e00, 0x1e06c000)
 Metaspace       used 19806K, capacity 20417K, committed 20608K, reserved 20864K
Event: 79443.497 GC heap after
Heap after GC invocations=1832 (full 6):
 def new generation   total 103168K, used 916K [0x05600000, 0x0c5f0000, 0x100a0000)
  eden space 91712K,   0% used [0x05600000, 0x05600000, 0x0af90000)
  from space 11456K,   8% used [0x0bac0000, 0x0bba5250, 0x0c5f0000)
  to   space 11456K,   0% used [0x0af90000, 0x0af90000, 0x0bac0000)
 tenured generation   total 229168K, used 137499K [0x100a0000, 0x1e06c000, 0x25600000)
   the space 229168K,  59% used [0x100a0000, 0x186e6cd8, 0x186e6e00, 0x1e06c000)
 Metaspace       used 19806K, capacity 20417K, committed 20608K, reserved 20864K
}
Event: 79814.786 GC heap before
{Heap before GC invocations=1832 (full 6):
 def new generation   total 103168K, used 92628K [0x05600000, 0x0c5f0000, 0x100a0000)
  eden space 91712K, 100% used [0x05600000, 0x0af90000, 0x0af90000)
  from space 11456K,   8% used [0x0bac0000, 0x0bba5250, 0x0c5f0000)
  to   space 11456K,   0% used [0x0af90000, 0x0af90000, 0x0bac0000)
 tenured generation   total 229168K, used 137499K [0x100a0000, 0x1e06c000, 0x25600000)
   the space 229168K,  59% used [0x100a0000, 0x186e6cd8, 0x186e6e00, 0x1e06c000)
 Metaspace       used 19806K, capacity 20417K, committed 20608K, reserved 20864K
Event: 79814.788 GC heap after
Heap after GC invocations=1833 (full 6):
 def new generation   total 103168K, used 430K [0x05600000, 0x0c5f0000, 0x100a0000)
  eden space 91712K,   0% used [0x05600000, 0x05600000, 0x0af90000)
  from space 11456K,   3% used [0x0af90000, 0x0affb9e8, 0x0bac0000)
  to   space 11456K,   0% used [0x0bac0000, 0x0bac0000, 0x0c5f0000)
 tenured generation   total 229168K, used 137499K [0x100a0000, 0x1e06c000, 0x25600000)
   the space 229168K,  59% used [0x100a0000, 0x186e6cd8, 0x186e6e00, 0x1e06c000)
 Metaspace       used 19806K, capacity 20417K, committed 20608K, reserved 20864K
}
Event: 80200.438 GC heap before
{Heap before GC invocations=1833 (full 6):
 def new generation   total 103168K, used 92142K [0x05600000, 0x0c5f0000, 0x100a0000)
  eden space 91712K, 100% used [0x05600000, 0x0af90000, 0x0af90000)
  from space 11456K,   3% used [0x0af90000, 0x0affb9e8, 0x0bac0000)
  to   space 11456K,   0% used [0x0bac0000, 0x0bac0000, 0x0c5f0000)
 tenured generation   total 229168K, used 137499K [0x100a0000, 0x1e06c000, 0x25600000)
   the space 229168K,  59% used [0x100a0000, 0x186e6cd8, 0x186e6e00, 0x1e06c000)
 Metaspace       used 19807K, capacity 20417K, committed 20608K, reserved 20864K
Event: 80200.443 GC heap after
Heap after GC invocations=1834 (full 6):
 def new generation   total 103168K, used 907K [0x05600000, 0x0c5f0000, 0x100a0000)
  eden space 91712K,   0% used [0x05600000, 0x05600000, 0x0af90000)
  from space 11456K,   7% used [0x0bac0000, 0x0bba2d80, 0x0c5f0000)
  to   space 11456K,   0% used [0x0af90000, 0x0af90000, 0x0bac0000)
 tenured generation   total 229168K, used 137499K [0x100a0000, 0x1e06c000, 0x25600000)
   the space 229168K,  59% used [0x100a0000, 0x186e6cd8, 0x186e6e00, 0x1e06c000)
 Metaspace       used 19807K, capacity 20417K, committed 20608K, reserved 20864K
}

