# JRE version: Java(TM) SE Runtime Environment (8.0_144-b01) (build 1.8.0_144-b01)
# Java VM: Java HotSpot(TM) Client VM (25.144-b01 mixed mode windows-x86 )
Heap:
 def new generation   total 58880K, used 6816K [0x05a00000, 0x099e0000, 0x104a0000)
  eden space 52352K,   9% used [0x05a00000, 0x05eb8808, 0x08d20000)
  from space 6528K,  30% used [0x09380000, 0x0956f9e8, 0x099e0000)
  to   space 6528K,   0% used [0x08d20000, 0x08d20000, 0x09380000)
 tenured generation   total 130748K, used 86546K [0x104a0000, 0x1844f000, 0x25a00000)
   the space 130748K,  66% used [0x104a0000, 0x15924be0, 0x15924c00, 0x1844f000)
 Metaspace       used 19173K, capacity 19615K, committed 19840K, reserved 19840K
GC Heap History (10 events):
Event: 10992.212 GC heap before
{Heap before GC invocations=25 (full 1):
 def new generation   total 39424K, used 37053K [0x05a00000, 0x084c0000, 0x104a0000)
  eden space 35072K, 100% used [0x05a00000, 0x07c40000, 0x07c40000)
  from space 4352K,  45% used [0x07c40000, 0x07e2f658, 0x08080000)
  to   space 4352K,   0% used [0x08080000, 0x08080000, 0x084c0000)
 tenured generation   total 87424K, used 80568K [0x104a0000, 0x15a00000, 0x25a00000)
   the space 87424K,  92% used [0x104a0000, 0x1534e218, 0x1534e400, 0x15a00000)
 Metaspace       used 19268K, capacity 19758K, committed 19840K, reserved 19840K
Event: 10992.215 GC heap after
Heap after GC invocations=26 (full 1):
 def new generation   total 39424K, used 1970K [0x05a00000, 0x084c0000, 0x104a0000)
  eden space 35072K,   0% used [0x05a00000, 0x05a00000, 0x07c40000)
  from space 4352K,  45% used [0x08080000, 0x0826cb40, 0x084c0000)
  to   space 4352K,   0% used [0x07c40000, 0x07c40000, 0x08080000)
 tenured generation   total 87424K, used 80568K [0x104a0000, 0x15a00000, 0x25a00000)
   the space 87424K,  92% used [0x104a0000, 0x1534e218, 0x1534e400, 0x15a00000)
 Metaspace       used 19268K, capacity 19758K, committed 19840K, reserved 19840K
}
Event: 12024.536 GC heap before
{Heap before GC invocations=26 (full 1):
 def new generation   total 39424K, used 37042K [0x05a00000, 0x084c0000, 0x104a0000)
  eden space 35072K, 100% used [0x05a00000, 0x07c40000, 0x07c40000)
  from space 4352K,  45% used [0x08080000, 0x0826cb40, 0x084c0000)
  to   space 4352K,   0% used [0x07c40000, 0x07c40000, 0x08080000)
 tenured generation   total 87424K, used 80568K [0x104a0000, 0x15a00000, 0x25a00000)
   the space 87424K,  92% used [0x104a0000, 0x1534e218, 0x1534e400, 0x15a00000)
 Metaspace       used 19268K, capacity 19758K, committed 19840K, reserved 19840K
Event: 12024.538 GC heap after
Heap after GC invocations=27 (full 1):
 def new generation   total 39424K, used 2013K [0x05a00000, 0x084c0000, 0x104a0000)
  eden space 35072K,   0% used [0x05a00000, 0x05a00000, 0x07c40000)
  from space 4352K,  46% used [0x07c40000, 0x07e37788, 0x08080000)
  to   space 4352K,   0% used [0x08080000, 0x08080000, 0x084c0000)
 tenured generation   total 87424K, used 80568K [0x104a0000, 0x15a00000, 0x25a00000)
   the space 87424K,  92% used [0x104a0000, 0x1534e218, 0x1534e400, 0x15a00000)
 Metaspace       used 19268K, capacity 19758K, committed 19840K, reserved 19840K
}
Event: 12027.097 GC heap before
{Heap before GC invocations=27 (full 1):
 def new generation   total 39424K, used 37085K [0x05a00000, 0x084c0000, 0x104a0000)
  eden space 35072K, 100% used [0x05a00000, 0x07c40000, 0x07c40000)
  from space 4352K,  46% used [0x07c40000, 0x07e37788, 0x08080000)
  to   space 4352K,   0% used [0x08080000, 0x08080000, 0x084c0000)
 tenured generation   total 87424K, used 80568K [0x104a0000, 0x15a00000, 0x25a00000)
   the space 87424K,  92% used [0x104a0000, 0x1534e218, 0x1534e400, 0x15a00000)
 Metaspace       used 19268K, capacity 19758K, committed 19840K, reserved 19840K
Event: 12027.099 GC heap after
Heap after GC invocations=28 (full 1):
 def new generation   total 39424K, used 1578K [0x05a00000, 0x084c0000, 0x104a0000)
  eden space 35072K,   0% used [0x05a00000, 0x05a00000, 0x07c40000)
  from space 4352K,  36% used [0x08080000, 0x0820aaa8, 0x084c0000)
  to   space 4352K,   0% used [0x07c40000, 0x07c40000, 0x08080000)
 tenured generation   total 87424K, used 80568K [0x104a0000, 0x15a00000, 0x25a00000)
   the space 87424K,  92% used [0x104a0000, 0x1534e218, 0x1534e400, 0x15a00000)
 Metaspace       used 19268K, capacity 19758K, committed 19840K, reserved 19840K
}
Event: 79196.964 GC heap before
{Heap before GC invocations=28 (full 1):
 def new generation   total 39424K, used 36490K [0x05a00000, 0x084c0000, 0x104a0000)
  eden space 35072K,  99% used [0x05a00000, 0x07c18058, 0x07c40000)
  from space 4352K,  36% used [0x08080000, 0x0820aaa8, 0x084c0000)
  to   space 4352K,   0% used [0x07c40000, 0x07c40000, 0x08080000)
 tenured generation   total 87424K, used 80568K [0x104a0000, 0x15a00000, 0x25a00000)
   the space 87424K,  92% used [0x104a0000, 0x1534e218, 0x1534e400, 0x15a00000)
 Metaspace       used 19283K, capacity 19760K, committed 19840K, reserved 19840K
Event: 79197.137 GC heap after
Heap after GC invocations=29 (full 2):
 def new generation   total 58880K, used 0K [0x05a00000, 0x099e0000, 0x104a0000)
  eden space 52352K,   0% used [0x05a00000, 0x05a00000, 0x08d20000)
  from space 6528K,   0% used [0x08d20000, 0x08d20000, 0x09380000)
  to   space 6528K,   0% used [0x09380000, 0x09380000, 0x099e0000)
 tenured generation   total 130748K, used 78446K [0x104a0000, 0x1844f000, 0x25a00000)
   the space 130748K,  59% used [0x104a0000, 0x1513bbd0, 0x1513bc00, 0x1844f000)
 Metaspace       used 19173K, capacity 19615K, committed 19840K, reserved 19840K
}
Event: 81173.263 GC heap before
{Heap before GC invocations=29 (full 2):
 def new generation   total 58880K, used 52352K [0x05a00000, 0x099e0000, 0x104a0000)
  eden space 52352K, 100% used [0x05a00000, 0x08d20000, 0x08d20000)
  from space 6528K,   0% used [0x08d20000, 0x08d20000, 0x09380000)
  to   space 6528K,   0% used [0x09380000, 0x09380000, 0x099e0000)
 tenured generation   total 130748K, used 78446K [0x104a0000, 0x1844f000, 0x25a00000)
   the space 130748K,  59% used [0x104a0000, 0x1513bbd0, 0x1513bc00, 0x1844f000)
 Metaspace       used 19173K, capacity 19615K, committed 19840K, reserved 19840K
Event: 81173.273 GC heap after
Heap after GC invocations=30 (full 2):
 def new generation   total 58880K, used 1982K [0x05a00000, 0x099e0000, 0x104a0000)
  eden space 52352K,   0% used [0x05a00000, 0x05a00000, 0x08d20000)
  from space 6528K,  30% used [0x09380000, 0x0956f9e8, 0x099e0000)
  to   space 6528K,   0% used [0x08d20000, 0x08d20000, 0x09380000)
 tenured generation   total 130748K, used 86546K [0x104a0000, 0x1844f000, 0x25a00000)
   the space 130748K,  66% used [0x104a0000, 0x15924be0, 0x15924c00, 0x1844f000)
 Metaspace       used 19173K, capacity 19615K, committed 19840K, reserved 19840K
}

